<?xml version="1.0" encoding="UTF-8"?>
<testsuite name="com.lc.df.customermanagement.web.CustomerManagementServiceControllerTest" time="0.754" tests="12" errors="0" skipped="0" failures="0">
  <properties>
[...]
</properties>
  <testcase name="testGetCustomerByEmailId" classname="com.lc.df.customermanagement.web.CustomerManagementServiceControllerTest" time="0.638"/>
  <testcase name="testGetCustomerByStatus" classname="com.lc.df.customermanagement.web.CustomerManagementServiceControllerTest" time="0.011"/>
  <testcase name="testGetCustomerByLastName" classname="com.lc.df.customermanagement.web.CustomerManagementServiceControllerTest" time="0.008"/>
  <testcase name="testGetCustomerByPostalCode" classname="com.lc.df.customermanagement.web.CustomerManagementServiceControllerTest" time="0.009"/>
  <testcase name="testGetListOfCustomers" classname="com.lc.df.customermanagement.web.CustomerManagementServiceControllerTest" time="0.009"/>
  <testcase name="testGetCustomerByCategory" classname="com.lc.df.customermanagement.web.CustomerManagementServiceControllerTest" time="0.008"/>
  <testcase name="testUpdateCustomer" classname="com.lc.df.customermanagement.web.CustomerManagementServiceControllerTest" time="0.017"/>
  <testcase name="testCreateCustomer" classname="com.lc.df.customermanagement.web.CustomerManagementServiceControllerTest" time="0.014"/>
  <testcase name="testGetCustomerByFirstName" classname="com.lc.df.customermanagement.web.CustomerManagementServiceControllerTest" time="0.008"/>
  <testcase name="testDeleteCustomer" classname="com.lc.df.customermanagement.web.CustomerManagementServiceControllerTest" time="0.015"/>
  <testcase name="testGetCustomer" classname="com.lc.df.customermanagement.web.CustomerManagementServiceControllerTest" time="0.009"/>
  <testcase name="testGetCustomerByPhoneNumber" classname="com.lc.df.customermanagement.web.CustomerManagementServiceControllerTest" time="0.008"/>
</testsuite>